<?xml version="1.0" encoding="UTF-8"?>
<testsuite name="day.two.DayTwoTests" tests="6" skipped="0" failures="0" errors="0" timestamp="2023-12-03T09:53:33" hostname="DS-PC" time="0.028">
  <properties/>
  <testcase name="isGamePossibleTrue()" classname="day.two.DayTwoTests" time="0.014"/>
  <testcase name="idSumOfPossibleGames()" classname="day.two.DayTwoTests" time="0.001"/>
  <testcase name="isGamePossibleFalse()" classname="day.two.DayTwoTests" time="0.001"/>
  <testcase name="fewestNumberOfCubesOfEachColor()" classname="day.two.DayTwoTests" time="0.007"/>
  <testcase name="sumOfAPowerOfASetOfCubes()" classname="day.two.DayTwoTests" time="0.001"/>
  <testcase name="readLineAndLoadCubes()" classname="day.two.DayTwoTests" time="0.0"/>
  <system-out><![CDATA[]]></system-out>
  <system-err><![CDATA[]]></system-err>
</testsuite>
